<?xml version="1.0" encoding="UTF-8" ?>
<testsuite errors="5" failures="0" hostname="takeshiito-no-MacBook-Pro.local" name="test.org.ukiuni.lighthttpserver.TestServer" tests="5" time="0.066" timestamp="2013-11-06T14:35:06">
  <properties>
[...]
</properties>
  <testcase classname="test.org.ukiuni.lighthttpserver.TestServer" name="testBasic" time="0.0090">
    <error message="Address already in use" type="java.net.BindException">java.net.BindException: Address already in use
	at java.net.PlainSocketImpl.socketBind(Native Method)
	at java.net.PlainSocketImpl.socketBind(PlainSocketImpl.java:521)
	at java.net.PlainSocketImpl.bind(PlainSocketImpl.java:414)
	at java.net.ServerSocket.bind(ServerSocket.java:326)
	at java.net.ServerSocket.&lt;init&gt;(ServerSocket.java:192)
	at java.net.ServerSocket.&lt;init&gt;(ServerSocket.java:104)
	at org.ukiuni.lighthttpserver.HttpServer.start(HttpServer.java:96)
	at test.org.ukiuni.lighthttpserver.TestServer.setupServer(TestServer.java:32)
</error>
  </testcase>
  <testcase classname="test.org.ukiuni.lighthttpserver.TestServer" name="testResponse" time="0.0010">
    <error message="Address already in use" type="java.net.BindException">java.net.BindException: Address already in use
	at java.net.PlainSocketImpl.socketBind(Native Method)
	at java.net.PlainSocketImpl.socketBind(PlainSocketImpl.java:521)
	at java.net.PlainSocketImpl.bind(PlainSocketImpl.java:414)
	at java.net.ServerSocket.bind(ServerSocket.java:326)
	at java.net.ServerSocket.&lt;init&gt;(ServerSocket.java:192)
	at java.net.ServerSocket.&lt;init&gt;(ServerSocket.java:104)
	at org.ukiuni.lighthttpserver.HttpServer.start(HttpServer.java:96)
	at test.org.ukiuni.lighthttpserver.TestServer.setupServer(TestServer.java:32)
</error>
  </testcase>
  <testcase classname="test.org.ukiuni.lighthttpserver.TestServer" name="testPost" time="0.0010">
    <error message="Address already in use" type="java.net.BindException">java.net.BindException: Address already in use
	at java.net.PlainSocketImpl.socketBind(Native Method)
	at java.net.PlainSocketImpl.socketBind(PlainSocketImpl.java:521)
	at java.net.PlainSocketImpl.bind(PlainSocketImpl.java:414)
	at java.net.ServerSocket.bind(ServerSocket.java:326)
	at java.net.ServerSocket.&lt;init&gt;(ServerSocket.java:192)
	at java.net.ServerSocket.&lt;init&gt;(ServerSocket.java:104)
	at org.ukiuni.lighthttpserver.HttpServer.start(HttpServer.java:96)
	at test.org.ukiuni.lighthttpserver.TestServer.setupServer(TestServer.java:32)
</error>
  </testcase>
  <testcase classname="test.org.ukiuni.lighthttpserver.TestServer" name="testSSLPost" time="0.0010">
    <error message="Address already in use" type="java.net.BindException">java.net.BindException: Address already in use
	at java.net.PlainSocketImpl.socketBind(Native Method)
	at java.net.PlainSocketImpl.socketBind(PlainSocketImpl.java:521)
	at java.net.PlainSocketImpl.bind(PlainSocketImpl.java:414)
	at java.net.ServerSocket.bind(ServerSocket.java:326)
	at java.net.ServerSocket.&lt;init&gt;(ServerSocket.java:192)
	at java.net.ServerSocket.&lt;init&gt;(ServerSocket.java:104)
	at org.ukiuni.lighthttpserver.HttpServer.start(HttpServer.java:96)
	at test.org.ukiuni.lighthttpserver.TestServer.setupServer(TestServer.java:32)
</error>
  </testcase>
  <testcase classname="test.org.ukiuni.lighthttpserver.TestServer" name="testDefaultHandler" time="0.0010">
    <error message="Address already in use" type="java.net.BindException">java.net.BindException: Address already in use
	at java.net.PlainSocketImpl.socketBind(Native Method)
	at java.net.PlainSocketImpl.socketBind(PlainSocketImpl.java:521)
	at java.net.PlainSocketImpl.bind(PlainSocketImpl.java:414)
	at java.net.ServerSocket.bind(ServerSocket.java:326)
	at java.net.ServerSocket.&lt;init&gt;(ServerSocket.java:192)
	at java.net.ServerSocket.&lt;init&gt;(ServerSocket.java:104)
	at org.ukiuni.lighthttpserver.HttpServer.start(HttpServer.java:96)
	at test.org.ukiuni.lighthttpserver.TestServer.setupServer(TestServer.java:32)
</error>
  </testcase>
  <system-out><![CDATA[]]></system-out>
  <system-err><![CDATA[]]></system-err>
</testsuite>
